<?xml version="1.0" encoding="UTF-8"?>
<!-- Generated by org.testng.reporters.JUnitXMLReporter -->
<testsuite ignored="0" hostname="DESKTOP-A3145QO" failures="0" tests="3" name="Default test" time="5.402" errors="0" timestamp="2024-05-26T16:21:43 IST">
  <testcase classname="swagLabs.TestCase.LoginPageTest" name="loginTest" time="1.033"/>
  <testcase classname="swagLabs.TestCase.LoginPageTest" name="verifyUrl" time="0.024"/>
  <testcase classname="swagLabs.TestCase.LoginPageTest" name="verifyTitle" time="0.025"/>
</testsuite> <!-- Default test -->
