<?xml version="1.0" encoding="UTF-8"?>
<testng-results ignored="0" total="4" passed="4" failed="0" skipped="0">
  <reporter-output>
  </reporter-output>
  <suite started-at="2024-05-27T20:42:21 IST" name="Default suite" finished-at="2024-05-27T20:42:26 IST" duration-ms="5817">
    <groups>
    </groups>
    <test started-at="2024-05-27T20:42:21 IST" name="Default test" finished-at="2024-05-27T20:42:26 IST" duration-ms="5817">
      <class name="swagLabs.TestCase.InventoryPageTest">
        <test-method is-config="true" signature="setup()[pri:0, instance:swagLabs.TestCase.InventoryPageTest@4efbca5a]" started-at="2024-05-27T20:42:21 IST" name="setup" finished-at="2024-05-27T20:42:25 IST" duration-ms="4721" status="PASS">
          <reporter-output>
          </reporter-output>
        </test-method> <!-- setup -->
        <test-method is-config="true" signature="setupPage()[pri:0, instance:swagLabs.TestCase.InventoryPageTest@4efbca5a]" started-at="2024-05-27T20:42:25 IST" name="setupPage" finished-at="2024-05-27T20:42:26 IST" duration-ms="620" status="PASS">
          <reporter-output>
          </reporter-output>
        </test-method> <!-- setupPage -->
        <test-method signature="verifyTitle()[pri:1, instance:swagLabs.TestCase.InventoryPageTest@4efbca5a]" started-at="2024-05-27T20:42:26 IST" name="verifyTitle" finished-at="2024-05-27T20:42:26 IST" duration-ms="45" status="PASS">
          <reporter-output>
          </reporter-output>
        </test-method> <!-- verifyTitle -->
        <test-method signature="verifyProductCount()[pri:2, instance:swagLabs.TestCase.InventoryPageTest@4efbca5a]" started-at="2024-05-27T20:42:26 IST" name="verifyProductCount" finished-at="2024-05-27T20:42:26 IST" duration-ms="41" status="PASS">
          <reporter-output>
          </reporter-output>
        </test-method> <!-- verifyProductCount -->
        <test-method signature="printAllProduct()[pri:3, instance:swagLabs.TestCase.InventoryPageTest@4efbca5a]" started-at="2024-05-27T20:42:26 IST" name="printAllProduct" finished-at="2024-05-27T20:42:26 IST" duration-ms="132" status="PASS">
          <reporter-output>
          </reporter-output>
        </test-method> <!-- printAllProduct -->
        <test-method signature="addTocart()[pri:4, instance:swagLabs.TestCase.InventoryPageTest@4efbca5a]" started-at="2024-05-27T20:42:26 IST" name="addTocart" finished-at="2024-05-27T20:42:26 IST" duration-ms="127" status="PASS">
          <reporter-output>
          </reporter-output>
        </test-method> <!-- addTocart -->
      </class> <!-- swagLabs.TestCase.InventoryPageTest -->
    </test> <!-- Default test -->
  </suite> <!-- Default suite -->
</testng-results>
